Library/Bee/Android/Prj/Mono2x/Gradle/launcher/build/intermediates/manifest_merge_blame_file/release/manifest-merger-blame-release-report.txt
1<?xml version="1.0" encoding="utf-8"?>
2<manifest xmlns:android="http://schemas.android.com/apk/res/android"
3    package="com.DefaultCompany.marshmellow"
4    android:installLocation="preferExternal"
5    android:versionCode="1"
6    android:versionName="0.1" >
7
8    <uses-sdk
9        android:minSdkVersion="23"
9-->src\main\AndroidManifest.xml
10        android:targetSdkVersion="30" />
10-->src\main\AndroidManifest.xml
11
12    <supports-screens
12-->src\main\AndroidManifest.xml:3:3-163
13        android:anyDensity="true"
13-->src\main\AndroidManifest.xml:3:135-160
14        android:largeScreens="true"
14-->src\main\AndroidManifest.xml:3:78-105
15        android:normalScreens="true"
15-->src\main\AndroidManifest.xml:3:49-77
16        android:smallScreens="true"
16-->src\main\AndroidManifest.xml:3:21-48
17        android:xlargeScreens="true" />
17-->src\main\AndroidManifest.xml:3:106-134
18
19    <uses-feature android:glEsVersion="0x00030000" />
19-->[:unityLibrary] AndroidManifest.xml:13:5-54
19-->[:unityLibrary] AndroidManifest.xml:13:19-51
20    <uses-feature
20-->[:unityLibrary] AndroidManifest.xml:14:5-16:36
21        android:name="android.hardware.vulkan.version"
21-->[:unityLibrary] AndroidManifest.xml:15:9-55
22        android:required="false" />
22-->[:unityLibrary] AndroidManifest.xml:16:9-33
23
24    <uses-permission android:name="android.permission.INTERNET" />
24-->[:unityLibrary] AndroidManifest.xml:18:5-67
24-->[:unityLibrary] AndroidManifest.xml:18:22-64
25    <uses-permission android:name="android.permission.RECORD_AUDIO" />
25-->[:unityLibrary] AndroidManifest.xml:19:5-71
25-->[:unityLibrary] AndroidManifest.xml:19:22-68
26    <uses-permission android:name="android.permission.MODIFY_AUDIO_SETTINGS" />
26-->[:unityLibrary] AndroidManifest.xml:20:5-80
26-->[:unityLibrary] AndroidManifest.xml:20:22-77
27
28    <uses-feature
28-->[:unityLibrary] AndroidManifest.xml:22:5-24:36
29        android:name="android.hardware.microphone"
29-->[:unityLibrary] AndroidManifest.xml:23:9-51
30        android:required="false" />
30-->[:unityLibrary] AndroidManifest.xml:24:9-33
31    <uses-feature
31-->[:unityLibrary] AndroidManifest.xml:25:5-27:36
32        android:name="android.hardware.touchscreen"
32-->[:unityLibrary] AndroidManifest.xml:26:9-52
33        android:required="false" />
33-->[:unityLibrary] AndroidManifest.xml:27:9-33
34    <uses-feature
34-->[:unityLibrary] AndroidManifest.xml:28:5-30:36
35        android:name="android.hardware.touchscreen.multitouch"
35-->[:unityLibrary] AndroidManifest.xml:29:9-63
36        android:required="false" />
36-->[:unityLibrary] AndroidManifest.xml:30:9-33
37    <uses-feature
37-->[:unityLibrary] AndroidManifest.xml:31:5-33:36
38        android:name="android.hardware.touchscreen.multitouch.distinct"
38-->[:unityLibrary] AndroidManifest.xml:32:9-72
39        android:required="false" />
39-->[:unityLibrary] AndroidManifest.xml:33:9-33
40    <uses-feature
40-->[:unityLibrary] AndroidManifest.xml:34:5-37:31
41        android:name="android.hardware.vr.headtracking"
41-->[:unityLibrary] AndroidManifest.xml:35:9-56
42        android:required="true"
42-->[:unityLibrary] AndroidManifest.xml:36:9-32
43        android:version="1" />
43-->[:unityLibrary] AndroidManifest.xml:37:9-28
44
45    <application
45-->src\main\AndroidManifest.xml:4:3-83
46        android:extractNativeLibs="true"
46-->[:unityLibrary] AndroidManifest.xml:39:18-50
47        android:icon="@mipmap/app_icon"
47-->src\main\AndroidManifest.xml:4:49-80
48        android:label="@string/app_name" >
48-->src\main\AndroidManifest.xml:4:16-48
49        <activity
49-->[:unityLibrary] AndroidManifest.xml:40:9-64:20
50            android:name="com.unity3d.player.UnityPlayerActivity"
50-->[:unityLibrary] AndroidManifest.xml:41:13-66
51            android:configChanges="keyboard|keyboardHidden|navigation|orientation|screenLayout|screenSize|uiMode"
51-->[:unityLibrary] AndroidManifest.xml:42:13-114
52            android:hardwareAccelerated="false"
52-->[:unityLibrary] AndroidManifest.xml:43:13-48
53            android:launchMode="singleTask"
53-->[:unityLibrary] AndroidManifest.xml:44:13-44
54            android:resizeableActivity="false"
54-->[:unityLibrary] AndroidManifest.xml:45:13-47
55            android:screenOrientation="landscape"
55-->[:unityLibrary] AndroidManifest.xml:46:13-50
56            android:theme="@android:style/Theme.Black.NoTitleBar.Fullscreen" >
56-->[:unityLibrary] AndroidManifest.xml:47:13-77
57            <intent-filter>
57-->[:unityLibrary] AndroidManifest.xml:48:13-53:29
58                <action android:name="android.intent.action.MAIN" />
58-->[:unityLibrary] AndroidManifest.xml:49:17-69
58-->[:unityLibrary] AndroidManifest.xml:49:25-66
59
60                <category android:name="android.intent.category.LAUNCHER" />
60-->[:unityLibrary] AndroidManifest.xml:51:17-77
60-->[:unityLibrary] AndroidManifest.xml:51:27-74
61                <category android:name="com.oculus.intent.category.VR" />
61-->[:unityLibrary] AndroidManifest.xml:52:17-74
61-->[:unityLibrary] AndroidManifest.xml:52:27-71
62            </intent-filter>
63
64            <meta-data
64-->[:unityLibrary] AndroidManifest.xml:55:13-57:40
65                android:name="unityplayer.UnityActivity"
65-->[:unityLibrary] AndroidManifest.xml:56:17-57
66                android:value="true" />
66-->[:unityLibrary] AndroidManifest.xml:57:17-37
67            <meta-data
67-->[:unityLibrary] AndroidManifest.xml:58:13-60:40
68                android:name="android.notch_support"
68-->[:unityLibrary] AndroidManifest.xml:59:17-53
69                android:value="true" />
69-->[:unityLibrary] AndroidManifest.xml:60:17-37
70            <meta-data
70-->[:unityLibrary] AndroidManifest.xml:61:13-63:40
71                android:name="com.oculus.vr.focusaware"
71-->[:unityLibrary] AndroidManifest.xml:62:17-56
72                android:value="true" />
72-->[:unityLibrary] AndroidManifest.xml:63:17-37
73        </activity>
74
75        <meta-data
75-->[:unityLibrary] AndroidManifest.xml:66:9-68:33
76            android:name="unity.splash-mode"
76-->[:unityLibrary] AndroidManifest.xml:67:13-45
77            android:value="0" />
77-->[:unityLibrary] AndroidManifest.xml:68:13-30
78        <meta-data
78-->[:unityLibrary] AndroidManifest.xml:69:9-71:36
79            android:name="unity.splash-enable"
79-->[:unityLibrary] AndroidManifest.xml:70:13-47
80            android:value="True" />
80-->[:unityLibrary] AndroidManifest.xml:71:13-33
81        <meta-data
81-->[:unityLibrary] AndroidManifest.xml:72:9-74:36
82            android:name="unity.launch-fullscreen"
82-->[:unityLibrary] AndroidManifest.xml:73:13-51
83            android:value="True" />
83-->[:unityLibrary] AndroidManifest.xml:74:13-33
84        <meta-data
84-->[:unityLibrary] AndroidManifest.xml:75:9-77:37
85            android:name="unity.allow-resizable-window"
85-->[:unityLibrary] AndroidManifest.xml:76:13-56
86            android:value="False" />
86-->[:unityLibrary] AndroidManifest.xml:77:13-34
87        <meta-data
87-->[:unityLibrary] AndroidManifest.xml:78:9-80:50
88            android:name="notch.config"
88-->[:unityLibrary] AndroidManifest.xml:79:13-40
89            android:value="portrait|landscape" />
89-->[:unityLibrary] AndroidManifest.xml:80:13-47
90        <meta-data
90-->[:unityLibrary] AndroidManifest.xml:81:9-83:36
91            android:name="unity.auto-report-fully-drawn"
91-->[:unityLibrary] AndroidManifest.xml:82:13-57
92            android:value="true" />
92-->[:unityLibrary] AndroidManifest.xml:83:13-33
93        <meta-data
93-->[:unityLibrary] AndroidManifest.xml:84:9-86:39
94            android:name="com.samsung.android.vr.application.mode"
94-->[:unityLibrary] AndroidManifest.xml:85:13-67
95            android:value="vr_only" />
95-->[:unityLibrary] AndroidManifest.xml:86:13-36
96        <meta-data
96-->[:unityLibrary] AndroidManifest.xml:87:9-89:36
97            android:name="com.unity.xr.oculus.LowOverheadMode"
97-->[:unityLibrary] AndroidManifest.xml:88:13-63
98            android:value="true" />
98-->[:unityLibrary] AndroidManifest.xml:89:13-33
99        <meta-data
99-->[:unityLibrary] AndroidManifest.xml:90:9-92:37
100            android:name="com.unity.xr.oculus.LateLatching"
100-->[:unityLibrary] AndroidManifest.xml:91:13-60
101            android:value="false" />
101-->[:unityLibrary] AndroidManifest.xml:92:13-34
102        <meta-data
102-->[:unityLibrary] AndroidManifest.xml:93:9-95:37
103            android:name="com.unity.xr.oculus.LateLatchingDebug"
103-->[:unityLibrary] AndroidManifest.xml:94:13-65
104            android:value="false" />
104-->[:unityLibrary] AndroidManifest.xml:95:13-34
105        <meta-data
105-->[:unityLibrary] AndroidManifest.xml:96:9-98:52
106            android:name="com.oculus.supportedDevices"
106-->[:unityLibrary] AndroidManifest.xml:97:13-55
107            android:value="quest|quest2|cambria" />
107-->[:unityLibrary] AndroidManifest.xml:98:13-49
108    </application>
109
110</manifest>